<?xml version="1.0" encoding="UTF-8"?>
<!-- Generated by org.testng.reporters.JUnitXMLReporter -->
<testsuite ignored="0" hostname="DESKTOP-S5MMF0I" failures="0" tests="10" name="Default test" time="145.746" errors="0" timestamp="2023-01-06T19:56:06 IST">
  <testcase classname="DATAProvider.usingExcel" name="loginTest" time="0.443"/>
  <testcase classname="DATAProvider.usingExcel" name="loginTest" time="0.365"/>
  <testcase classname="DATAProvider.usingExcel" name="loginTest" time="0.419"/>
  <testcase classname="DATAProvider.usingExcel" name="loginTest" time="0.403"/>
  <testcase classname="DATAProvider.usingExcel" name="loginTest" time="0.435"/>
  <testcase classname="DATAProvider.usingExcel" name="loginTest" time="0.376"/>
  <testcase classname="DATAProvider.usingExcel" name="loginTest" time="0.378"/>
  <testcase classname="DATAProvider.usingExcel" name="loginTest" time="0.531"/>
  <testcase classname="DATAProvider.usingExcel" name="loginTest" time="0.511"/>
  <testcase classname="DATAProvider.usingExcel" name="loginTest" time="0.38"/>
</testsuite> <!-- Default test -->
