<?xml version="1.0" encoding="UTF-8"?>
<testng-results ignored="0" total="10" passed="10" failed="0" skipped="0">
  <reporter-output>
  </reporter-output>
  <suite started-at="2023-01-06T19:53:40 IST" name="Default suite" finished-at="2023-01-06T19:56:05 IST" duration-ms="145746">
    <groups>
    </groups>
    <test started-at="2023-01-06T19:53:40 IST" name="Default test" finished-at="2023-01-06T19:56:05 IST" duration-ms="145746">
      <class name="DATAProvider.usingExcel">
        <test-method is-config="true" signature="setuUp()[pri:0, instance:DATAProvider.usingExcel@17497425]" started-at="2023-01-06T19:53:41 IST" name="setuUp" finished-at="2023-01-06T19:53:56 IST" duration-ms="14940" status="PASS">
          <reporter-output>
          </reporter-output>
        </test-method> <!-- setuUp -->
        <test-method signature="loginTest(java.lang.String,java.lang.String)[pri:0, instance:DATAProvider.usingExcel@17497425]" started-at="2023-01-06T19:53:56 IST" name="loginTest" data-provider="getLoginData" finished-at="2023-01-06T19:53:56 IST" duration-ms="443" status="PASS">
          <params>
            <param index="0">
              <value>
                <![CDATA[reshma]]>
              </value>
            </param>
            <param index="1">
              <value>
                <![CDATA[test]]>
              </value>
            </param>
          </params>
          <reporter-output>
          </reporter-output>
        </test-method> <!-- loginTest -->
        <test-method is-config="true" signature="tearDown()[pri:0, instance:DATAProvider.usingExcel@17497425]" started-at="2023-01-06T19:53:56 IST" name="tearDown" finished-at="2023-01-06T19:53:57 IST" duration-ms="516" status="PASS">
          <reporter-output>
          </reporter-output>
        </test-method> <!-- tearDown -->
        <test-method is-config="true" signature="setuUp()[pri:0, instance:DATAProvider.usingExcel@17497425]" started-at="2023-01-06T19:53:57 IST" name="setuUp" finished-at="2023-01-06T19:54:09 IST" duration-ms="12015" status="PASS">
          <reporter-output>
          </reporter-output>
        </test-method> <!-- setuUp -->
        <test-method signature="loginTest(java.lang.String,java.lang.String)[pri:0, instance:DATAProvider.usingExcel@17497425]" started-at="2023-01-06T19:54:09 IST" name="loginTest" data-provider="getLoginData" finished-at="2023-01-06T19:54:09 IST" duration-ms="365" status="PASS">
          <params>
            <param index="0">
              <value>
                <![CDATA[mayur]]>
              </value>
            </param>
            <param index="1">
              <value>
                <![CDATA[test]]>
              </value>
            </param>
          </params>
          <reporter-output>
          </reporter-output>
        </test-method> <!-- loginTest -->
        <test-method is-config="true" signature="tearDown()[pri:0, instance:DATAProvider.usingExcel@17497425]" started-at="2023-01-06T19:54:09 IST" name="tearDown" finished-at="2023-01-06T19:54:10 IST" duration-ms="606" status="PASS">
          <reporter-output>
          </reporter-output>
        </test-method> <!-- tearDown -->
        <test-method is-config="true" signature="setuUp()[pri:0, instance:DATAProvider.usingExcel@17497425]" started-at="2023-01-06T19:54:10 IST" name="setuUp" finished-at="2023-01-06T19:54:27 IST" duration-ms="16998" status="PASS">
          <reporter-output>
          </reporter-output>
        </test-method> <!-- setuUp -->
        <test-method signature="loginTest(java.lang.String,java.lang.String)[pri:0, instance:DATAProvider.usingExcel@17497425]" started-at="2023-01-06T19:54:27 IST" name="loginTest" data-provider="getLoginData" finished-at="2023-01-06T19:54:27 IST" duration-ms="419" status="PASS">
          <params>
            <param index="0">
              <value>
                <![CDATA[vaishali]]>
              </value>
            </param>
            <param index="1">
              <value>
                <![CDATA[test]]>
              </value>
            </param>
          </params>
          <reporter-output>
          </reporter-output>
        </test-method> <!-- loginTest -->
        <test-method is-config="true" signature="tearDown()[pri:0, instance:DATAProvider.usingExcel@17497425]" started-at="2023-01-06T19:54:27 IST" name="tearDown" finished-at="2023-01-06T19:54:28 IST" duration-ms="563" status="PASS">
          <reporter-output>
          </reporter-output>
        </test-method> <!-- tearDown -->
        <test-method is-config="true" signature="setuUp()[pri:0, instance:DATAProvider.usingExcel@17497425]" started-at="2023-01-06T19:54:28 IST" name="setuUp" finished-at="2023-01-06T19:54:42 IST" duration-ms="13994" status="PASS">
          <reporter-output>
          </reporter-output>
        </test-method> <!-- setuUp -->
        <test-method signature="loginTest(java.lang.String,java.lang.String)[pri:0, instance:DATAProvider.usingExcel@17497425]" started-at="2023-01-06T19:54:42 IST" name="loginTest" data-provider="getLoginData" finished-at="2023-01-06T19:54:42 IST" duration-ms="403" status="PASS">
          <params>
            <param index="0">
              <value>
                <![CDATA[manjiri]]>
              </value>
            </param>
            <param index="1">
              <value>
                <![CDATA[test]]>
              </value>
            </param>
          </params>
          <reporter-output>
          </reporter-output>
        </test-method> <!-- loginTest -->
        <test-method is-config="true" signature="tearDown()[pri:0, instance:DATAProvider.usingExcel@17497425]" started-at="2023-01-06T19:54:42 IST" name="tearDown" finished-at="2023-01-06T19:54:43 IST" duration-ms="429" status="PASS">
          <reporter-output>
          </reporter-output>
        </test-method> <!-- tearDown -->
        <test-method is-config="true" signature="setuUp()[pri:0, instance:DATAProvider.usingExcel@17497425]" started-at="2023-01-06T19:54:43 IST" name="setuUp" finished-at="2023-01-06T19:54:55 IST" duration-ms="12536" status="PASS">
          <reporter-output>
          </reporter-output>
        </test-method> <!-- setuUp -->
        <test-method signature="loginTest(java.lang.String,java.lang.String)[pri:0, instance:DATAProvider.usingExcel@17497425]" started-at="2023-01-06T19:54:55 IST" name="loginTest" data-provider="getLoginData" finished-at="2023-01-06T19:54:56 IST" duration-ms="435" status="PASS">
          <params>
            <param index="0">
              <value>
                <![CDATA[poonam]]>
              </value>
            </param>
            <param index="1">
              <value>
                <![CDATA[test]]>
              </value>
            </param>
          </params>
          <reporter-output>
          </reporter-output>
        </test-method> <!-- loginTest -->
        <test-method is-config="true" signature="tearDown()[pri:0, instance:DATAProvider.usingExcel@17497425]" started-at="2023-01-06T19:54:56 IST" name="tearDown" finished-at="2023-01-06T19:54:56 IST" duration-ms="394" status="PASS">
          <reporter-output>
          </reporter-output>
        </test-method> <!-- tearDown -->
        <test-method is-config="true" signature="setuUp()[pri:0, instance:DATAProvider.usingExcel@17497425]" started-at="2023-01-06T19:54:56 IST" name="setuUp" finished-at="2023-01-06T19:55:09 IST" duration-ms="13520" status="PASS">
          <reporter-output>
          </reporter-output>
        </test-method> <!-- setuUp -->
        <test-method signature="loginTest(java.lang.String,java.lang.String)[pri:0, instance:DATAProvider.usingExcel@17497425]" started-at="2023-01-06T19:55:09 IST" name="loginTest" data-provider="getLoginData" finished-at="2023-01-06T19:55:10 IST" duration-ms="376" status="PASS">
          <params>
            <param index="0">
              <value>
                <![CDATA[aparna]]>
              </value>
            </param>
            <param index="1">
              <value>
                <![CDATA[test]]>
              </value>
            </param>
          </params>
          <reporter-output>
          </reporter-output>
        </test-method> <!-- loginTest -->
        <test-method is-config="true" signature="tearDown()[pri:0, instance:DATAProvider.usingExcel@17497425]" started-at="2023-01-06T19:55:10 IST" name="tearDown" finished-at="2023-01-06T19:55:10 IST" duration-ms="452" status="PASS">
          <reporter-output>
          </reporter-output>
        </test-method> <!-- tearDown -->
        <test-method is-config="true" signature="setuUp()[pri:0, instance:DATAProvider.usingExcel@17497425]" started-at="2023-01-06T19:55:10 IST" name="setuUp" finished-at="2023-01-06T19:55:24 IST" duration-ms="13532" status="PASS">
          <reporter-output>
          </reporter-output>
        </test-method> <!-- setuUp -->
        <test-method signature="loginTest(java.lang.String,java.lang.String)[pri:0, instance:DATAProvider.usingExcel@17497425]" started-at="2023-01-06T19:55:24 IST" name="loginTest" data-provider="getLoginData" finished-at="2023-01-06T19:55:24 IST" duration-ms="378" status="PASS">
          <params>
            <param index="0">
              <value>
                <![CDATA[manali]]>
              </value>
            </param>
            <param index="1">
              <value>
                <![CDATA[test]]>
              </value>
            </param>
          </params>
          <reporter-output>
          </reporter-output>
        </test-method> <!-- loginTest -->
        <test-method is-config="true" signature="tearDown()[pri:0, instance:DATAProvider.usingExcel@17497425]" started-at="2023-01-06T19:55:24 IST" name="tearDown" finished-at="2023-01-06T19:55:25 IST" duration-ms="485" status="PASS">
          <reporter-output>
          </reporter-output>
        </test-method> <!-- tearDown -->
        <test-method is-config="true" signature="setuUp()[pri:0, instance:DATAProvider.usingExcel@17497425]" started-at="2023-01-06T19:55:25 IST" name="setuUp" finished-at="2023-01-06T19:55:36 IST" duration-ms="11112" status="PASS">
          <reporter-output>
          </reporter-output>
        </test-method> <!-- setuUp -->
        <test-method signature="loginTest(java.lang.String,java.lang.String)[pri:0, instance:DATAProvider.usingExcel@17497425]" started-at="2023-01-06T19:55:36 IST" name="loginTest" data-provider="getLoginData" finished-at="2023-01-06T19:55:36 IST" duration-ms="531" status="PASS">
          <params>
            <param index="0">
              <value>
                <![CDATA[anjana]]>
              </value>
            </param>
            <param index="1">
              <value>
                <![CDATA[test]]>
              </value>
            </param>
          </params>
          <reporter-output>
          </reporter-output>
        </test-method> <!-- loginTest -->
        <test-method is-config="true" signature="tearDown()[pri:0, instance:DATAProvider.usingExcel@17497425]" started-at="2023-01-06T19:55:36 IST" name="tearDown" finished-at="2023-01-06T19:55:37 IST" duration-ms="538" status="PASS">
          <reporter-output>
          </reporter-output>
        </test-method> <!-- tearDown -->
        <test-method is-config="true" signature="setuUp()[pri:0, instance:DATAProvider.usingExcel@17497425]" started-at="2023-01-06T19:55:37 IST" name="setuUp" finished-at="2023-01-06T19:55:48 IST" duration-ms="11556" status="PASS">
          <reporter-output>
          </reporter-output>
        </test-method> <!-- setuUp -->
        <test-method signature="loginTest(java.lang.String,java.lang.String)[pri:0, instance:DATAProvider.usingExcel@17497425]" started-at="2023-01-06T19:55:48 IST" name="loginTest" data-provider="getLoginData" finished-at="2023-01-06T19:55:49 IST" duration-ms="511" status="PASS">
          <params>
            <param index="0">
              <value>
                <![CDATA[neelam]]>
              </value>
            </param>
            <param index="1">
              <value>
                <![CDATA[test]]>
              </value>
            </param>
          </params>
          <reporter-output>
          </reporter-output>
        </test-method> <!-- loginTest -->
        <test-method is-config="true" signature="tearDown()[pri:0, instance:DATAProvider.usingExcel@17497425]" started-at="2023-01-06T19:55:49 IST" name="tearDown" finished-at="2023-01-06T19:55:49 IST" duration-ms="407" status="PASS">
          <reporter-output>
          </reporter-output>
        </test-method> <!-- tearDown -->
        <test-method is-config="true" signature="setuUp()[pri:0, instance:DATAProvider.usingExcel@17497425]" started-at="2023-01-06T19:55:49 IST" name="setuUp" finished-at="2023-01-06T19:56:05 IST" duration-ms="15193" status="PASS">
          <reporter-output>
          </reporter-output>
        </test-method> <!-- setuUp -->
        <test-method signature="loginTest(java.lang.String,java.lang.String)[pri:0, instance:DATAProvider.usingExcel@17497425]" started-at="2023-01-06T19:56:05 IST" name="loginTest" data-provider="getLoginData" finished-at="2023-01-06T19:56:05 IST" duration-ms="380" status="PASS">
          <params>
            <param index="0">
              <value>
                <![CDATA[aniket]]>
              </value>
            </param>
            <param index="1">
              <value>
                <![CDATA[test]]>
              </value>
            </param>
          </params>
          <reporter-output>
          </reporter-output>
        </test-method> <!-- loginTest -->
        <test-method is-config="true" signature="tearDown()[pri:0, instance:DATAProvider.usingExcel@17497425]" started-at="2023-01-06T19:56:05 IST" name="tearDown" finished-at="2023-01-06T19:56:05 IST" duration-ms="352" status="PASS">
          <reporter-output>
          </reporter-output>
        </test-method> <!-- tearDown -->
      </class> <!-- DATAProvider.usingExcel -->
    </test> <!-- Default test -->
  </suite> <!-- Default suite -->
</testng-results>
